#
# There is insufficient memory for the Java Runtime Environment to continue.
# Native memory allocation (malloc) failed to allocate 41008 bytes for Chunk::new
# Possible reasons:
#   The system is out of physical RAM or swap space
#   The process is running with CompressedOops enabled, and the Java Heap may be blocking the growth of the native heap
# Possible solutions:
#   Reduce memory load on the system
#   Increase physical memory or swap space
#   Check if swap backing store is full
#   Decrease Java heap size (-Xmx/-Xms)
#   Decrease number of Java threads
#   Decrease Java thread stack sizes (-Xss)
#   Set larger code cache with -XX:ReservedCodeCacheSize=
#   JVM is running with Unscaled Compressed Oops mode in which the Java heap is
#     placed in the first 4GB address space. The Java Heap base address is the
#     maximum limit for the native heap growth. Please use -XX:HeapBaseMinAddress
#     to set the Java Heap base and to place the Java Heap above 4GB virtual address.
# This output file may be truncated or incomplete.
#
#  Out of Memory Error (t:/workspace/open/src/hotspot/share/memory/arena.cpp:196), pid=13088, tid=4580
#
# JRE version: Java(TM) SE Runtime Environment (13.0.1+9) (build 13.0.1+9)
# Java VM: Java HotSpot(TM) 64-Bit Server VM (13.0.1+9, mixed mode, sharing, tiered, compressed oops, g1 gc, windows-amd64)
# No core dump will be written. Minidumps are not enabled by default on client versions of Windows
#

---------------  S U M M A R Y ------------

Command Line: -Dfile.encoding=Cp1252 _03_IntroToStacks._02_TextUndoRedo

Host: Intel(R) Core(TM) i5-7300U CPU @ 2.60GHz, 4 cores, 3G,  Windows 10 , 64 bit Build 18362 (10.0.18362.900)
Time: Wed Jun 24 09:25:38 2020 Pacific Daylight Time elapsed time: 0 seconds (0d 0h 0m 0s)

---------------  T H R E A D  ---------------

Current thread (0x0000016ca1084800):  JavaThread "C2 CompilerThread0" daemon [_thread_in_native, id=4580, stack(0x0000001978000000,0x0000001978100000)]


Current CompileTask:
C2:    159  142       4       java.lang.StringLatin1::indexOf (61 bytes)

Stack: [0x0000001978000000,0x0000001978100000]
Native frames: (J=compiled Java code, j=interpreted, Vv=VM code, C=native code)
V  [jvm.dll+0x626eca]
V  [jvm.dll+0x772c6a]
V  [jvm.dll+0x77441f]
V  [jvm.dll+0x774a23]
V  [jvm.dll+0x24da58]
V  [jvm.dll+0xc3ae7]
V  [jvm.dll+0xc406c]
V  [jvm.dll+0x35de75]
V  [jvm.dll+0x329593]
V  [jvm.dll+0x32896a]
V  [jvm.dll+0x2078c7]
V  [jvm.dll+0x206adf]
V  [jvm.dll+0x18b94c]
V  [jvm.dll+0x2159bd]
V  [jvm.dll+0x213e6b]
V  [jvm.dll+0x738b16]
V  [jvm.dll+0x731c0a]
V  [jvm.dll+0x6260c6]
C  [ucrtbase.dll+0x20e82]
C  [KERNEL32.DLL+0x17bd4]
C  [ntdll.dll+0x6ce51]


---------------  P R O C E S S  ---------------

Threads class SMR info:
_java_thread_list=0x0000016ca1eae360, length=10, elements={
0x0000016c85051000, 0x0000016ca1061000, 0x0000016ca1066800, 0x0000016ca1081800,
0x0000016ca1083800, 0x0000016ca1084800, 0x0000016ca108d800, 0x0000016ca1098800,
0x0000016ca1ed4000, 0x0000016ca1ed6000
}

Java Threads: ( => current thread )
  0x0000016c85051000 JavaThread "main" [_thread_blocked, id=23264, stack(0x0000001977500000,0x0000001977600000)]
  0x0000016ca1061000 JavaThread "Reference Handler" daemon [_thread_blocked, id=2556, stack(0x0000001977c00000,0x0000001977d00000)]
  0x0000016ca1066800 JavaThread "Finalizer" daemon [_thread_blocked, id=17840, stack(0x0000001977d00000,0x0000001977e00000)]
  0x0000016ca1081800 JavaThread "Signal Dispatcher" daemon [_thread_blocked, id=9436, stack(0x0000001977e00000,0x0000001977f00000)]
  0x0000016ca1083800 JavaThread "Attach Listener" daemon [_thread_blocked, id=19824, stack(0x0000001977f00000,0x0000001978000000)]
=>0x0000016ca1084800 JavaThread "C2 CompilerThread0" daemon [_thread_in_native, id=4580, stack(0x0000001978000000,0x0000001978100000)]
  0x0000016ca108d800 JavaThread "C1 CompilerThread0" daemon [_thread_blocked, id=15928, stack(0x0000001978100000,0x0000001978200000)]
  0x0000016ca1098800 JavaThread "Sweeper thread" daemon [_thread_blocked, id=20268, stack(0x0000001978200000,0x0000001978300000)]
  0x0000016ca1ed4000 JavaThread "Service Thread" daemon [_thread_blocked, id=21492, stack(0x0000001978300000,0x0000001978400000)]
  0x0000016ca1ed6000 JavaThread "Common-Cleaner" daemon [_thread_blocked, id=104, stack(0x0000001978500000,0x0000001978600000)]

Other Threads:
  0x0000016ca105c800 VMThread "VM Thread" [stack: 0x0000001977b00000,0x0000001977c00000] [id=21636]
  0x0000016ca1ed5000 WatcherThread [stack: 0x0000001978400000,0x0000001978500000] [id=15248]
  0x0000016c85082800 GCTaskThread "GC Thread#0" [stack: 0x0000001977600000,0x0000001977700000] [id=5760]
  0x0000016c8508d800 ConcurrentGCThread "G1 Main Marker" [stack: 0x0000001977700000,0x0000001977800000] [id=21564]
  0x0000016c8508f000 ConcurrentGCThread "G1 Conc#0" [stack: 0x0000001977800000,0x0000001977900000] [id=22620]
  0x0000016c850e5000 ConcurrentGCThread "G1 Refine#0" [stack: 0x0000001977900000,0x0000001977a00000] [id=13864]
  0x0000016c850e8800 ConcurrentGCThread "G1 Young RemSet Sampling" [stack: 0x0000001977a00000,0x0000001977b00000] [id=9952]

Threads with active compile tasks:
C2 CompilerThread0      219  142       4       java.lang.StringLatin1::indexOf (61 bytes)

VM state:not at safepoint (normal execution)

VM Mutex/Monitor currently owned by a thread: None

Heap address: 0x00000000c1200000, size: 1006 MB, Compressed Oops mode: 32-bit
Narrow klass base: 0x0000000800000000, Narrow klass shift: 3
Compressed class space size: 1073741824 Address: 0x0000000800b40000

Heap:
 garbage-first heap   total 65536K, used 1024K [0x00000000c1200000, 0x0000000100000000)
  region size 1024K, 2 young (2048K), 0 survivors (0K)
 Metaspace       used 357K, capacity 735K, committed 1024K, reserved 1060864K
  class space    used 25K, capacity 389K, committed 512K, reserved 1048576K
Heap Regions: E=young(eden), S=young(survivor), O=old, HS=humongous(starts), HC=humongous(continues), CS=collection set, F=free, A=archive, TAMS=top-at-mark-start (previous, next)
|   0|0x00000000c1200000, 0x00000000c1200000, 0x00000000c1300000|  0%| F|  |TAMS 0x00000000c1200000, 0x00000000c1200000| Untracked 
|   1|0x00000000c1300000, 0x00000000c1300000, 0x00000000c1400000|  0%| F|  |TAMS 0x00000000c1300000, 0x00000000c1300000| Untracked 
|   2|0x00000000c1400000, 0x00000000c1400000, 0x00000000c1500000|  0%| F|  |TAMS 0x00000000c1400000, 0x00000000c1400000| Untracked 
|   3|0x00000000c1500000, 0x00000000c1500000, 0x00000000c1600000|  0%| F|  |TAMS 0x00000000c1500000, 0x00000000c1500000| Untracked 
|   4|0x00000000c1600000, 0x00000000c1600000, 0x00000000c1700000|  0%| F|  |TAMS 0x00000000c1600000, 0x00000000c1600000| Untracked 
|   5|0x00000000c1700000, 0x00000000c1700000, 0x00000000c1800000|  0%| F|  |TAMS 0x00000000c1700000, 0x00000000c1700000| Untracked 
|   6|0x00000000c1800000, 0x00000000c1800000, 0x00000000c1900000|  0%| F|  |TAMS 0x00000000c1800000, 0x00000000c1800000| Untracked 
|   7|0x00000000c1900000, 0x00000000c1900000, 0x00000000c1a00000|  0%| F|  |TAMS 0x00000000c1900000, 0x00000000c1900000| Untracked 
|   8|0x00000000c1a00000, 0x00000000c1a00000, 0x00000000c1b00000|  0%| F|  |TAMS 0x00000000c1a00000, 0x00000000c1a00000| Untracked 
|   9|0x00000000c1b00000, 0x00000000c1b00000, 0x00000000c1c00000|  0%| F|  |TAMS 0x00000000c1b00000, 0x00000000c1b00000| Untracked 
|  10|0x00000000c1c00000, 0x00000000c1c00000, 0x00000000c1d00000|  0%| F|  |TAMS 0x00000000c1c00000, 0x00000000c1c00000| Untracked 
|  11|0x00000000c1d00000, 0x00000000c1d00000, 0x00000000c1e00000|  0%| F|  |TAMS 0x00000000c1d00000, 0x00000000c1d00000| Untracked 
|  12|0x00000000c1e00000, 0x00000000c1e00000, 0x00000000c1f00000|  0%| F|  |TAMS 0x00000000c1e00000, 0x00000000c1e00000| Untracked 
|  13|0x00000000c1f00000, 0x00000000c1f00000, 0x00000000c2000000|  0%| F|  |TAMS 0x00000000c1f00000, 0x00000000c1f00000| Untracked 
|  14|0x00000000c2000000, 0x00000000c2000000, 0x00000000c2100000|  0%| F|  |TAMS 0x00000000c2000000, 0x00000000c2000000| Untracked 
|  15|0x00000000c2100000, 0x00000000c2100000, 0x00000000c2200000|  0%| F|  |TAMS 0x00000000c2100000, 0x00000000c2100000| Untracked 
|  16|0x00000000c2200000, 0x00000000c2200000, 0x00000000c2300000|  0%| F|  |TAMS 0x00000000c2200000, 0x00000000c2200000| Untracked 
|  17|0x00000000c2300000, 0x00000000c2300000, 0x00000000c2400000|  0%| F|  |TAMS 0x00000000c2300000, 0x00000000c2300000| Untracked 
|  18|0x00000000c2400000, 0x00000000c2400000, 0x00000000c2500000|  0%| F|  |TAMS 0x00000000c2400000, 0x00000000c2400000| Untracked 
|  19|0x00000000c2500000, 0x00000000c2500000, 0x00000000c2600000|  0%| F|  |TAMS 0x00000000c2500000, 0x00000000c2500000| Untracked 
|  20|0x00000000c2600000, 0x00000000c2600000, 0x00000000c2700000|  0%| F|  |TAMS 0x00000000c2600000, 0x00000000c2600000| Untracked 
|  21|0x00000000c2700000, 0x00000000c2700000, 0x00000000c2800000|  0%| F|  |TAMS 0x00000000c2700000, 0x00000000c2700000| Untracked 
|  22|0x00000000c2800000, 0x00000000c2800000, 0x00000000c2900000|  0%| F|  |TAMS 0x00000000c2800000, 0x00000000c2800000| Untracked 
|  23|0x00000000c2900000, 0x00000000c2900000, 0x00000000c2a00000|  0%| F|  |TAMS 0x00000000c2900000, 0x00000000c2900000| Untracked 
|  24|0x00000000c2a00000, 0x00000000c2a00000, 0x00000000c2b00000|  0%| F|  |TAMS 0x00000000c2a00000, 0x00000000c2a00000| Untracked 
|  25|0x00000000c2b00000, 0x00000000c2b00000, 0x00000000c2c00000|  0%| F|  |TAMS 0x00000000c2b00000, 0x00000000c2b00000| Untracked 
|  26|0x00000000c2c00000, 0x00000000c2c00000, 0x00000000c2d00000|  0%| F|  |TAMS 0x00000000c2c00000, 0x00000000c2c00000| Untracked 
|  27|0x00000000c2d00000, 0x00000000c2d00000, 0x00000000c2e00000|  0%| F|  |TAMS 0x00000000c2d00000, 0x00000000c2d00000| Untracked 
|  28|0x00000000c2e00000, 0x00000000c2e00000, 0x00000000c2f00000|  0%| F|  |TAMS 0x00000000c2e00000, 0x00000000c2e00000| Untracked 
|  29|0x00000000c2f00000, 0x00000000c2f00000, 0x00000000c3000000|  0%| F|  |TAMS 0x00000000c2f00000, 0x00000000c2f00000| Untracked 
|  30|0x00000000c3000000, 0x00000000c3000000, 0x00000000c3100000|  0%| F|  |TAMS 0x00000000c3000000, 0x00000000c3000000| Untracked 
|  31|0x00000000c3100000, 0x00000000c3100000, 0x00000000c3200000|  0%| F|  |TAMS 0x00000000c3100000, 0x00000000c3100000| Untracked 
|  32|0x00000000c3200000, 0x00000000c3200000, 0x00000000c3300000|  0%| F|  |TAMS 0x00000000c3200000, 0x00000000c3200000| Untracked 
|  33|0x00000000c3300000, 0x00000000c3300000, 0x00000000c3400000|  0%| F|  |TAMS 0x00000000c3300000, 0x00000000c3300000| Untracked 
|  34|0x00000000c3400000, 0x00000000c3400000, 0x00000000c3500000|  0%| F|  |TAMS 0x00000000c3400000, 0x00000000c3400000| Untracked 
|  35|0x00000000c3500000, 0x00000000c3500000, 0x00000000c3600000|  0%| F|  |TAMS 0x00000000c3500000, 0x00000000c3500000| Untracked 
|  36|0x00000000c3600000, 0x00000000c3600000, 0x00000000c3700000|  0%| F|  |TAMS 0x00000000c3600000, 0x00000000c3600000| Untracked 
|  37|0x00000000c3700000, 0x00000000c3700000, 0x00000000c3800000|  0%| F|  |TAMS 0x00000000c3700000, 0x00000000c3700000| Untracked 
|  38|0x00000000c3800000, 0x00000000c3800000, 0x00000000c3900000|  0%| F|  |TAMS 0x00000000c3800000, 0x00000000c3800000| Untracked 
|  39|0x00000000c3900000, 0x00000000c3900000, 0x00000000c3a00000|  0%| F|  |TAMS 0x00000000c3900000, 0x00000000c3900000| Untracked 
|  40|0x00000000c3a00000, 0x00000000c3a00000, 0x00000000c3b00000|  0%| F|  |TAMS 0x00000000c3a00000, 0x00000000c3a00000| Untracked 
|  41|0x00000000c3b00000, 0x00000000c3b00000, 0x00000000c3c00000|  0%| F|  |TAMS 0x00000000c3b00000, 0x00000000c3b00000| Untracked 
|  42|0x00000000c3c00000, 0x00000000c3c00000, 0x00000000c3d00000|  0%| F|  |TAMS 0x00000000c3c00000, 0x00000000c3c00000| Untracked 
|  43|0x00000000c3d00000, 0x00000000c3d00000, 0x00000000c3e00000|  0%| F|  |TAMS 0x00000000c3d00000, 0x00000000c3d00000| Untracked 
|  44|0x00000000c3e00000, 0x00000000c3e00000, 0x00000000c3f00000|  0%| F|  |TAMS 0x00000000c3e00000, 0x00000000c3e00000| Untracked 
|  45|0x00000000c3f00000, 0x00000000c3f00000, 0x00000000c4000000|  0%| F|  |TAMS 0x00000000c3f00000, 0x00000000c3f00000| Untracked 
|  46|0x00000000c4000000, 0x00000000c4000000, 0x00000000c4100000|  0%| F|  |TAMS 0x00000000c4000000, 0x00000000c4000000| Untracked 
|  47|0x00000000c4100000, 0x00000000c4100000, 0x00000000c4200000|  0%| F|  |TAMS 0x00000000c4100000, 0x00000000c4100000| Untracked 
|  48|0x00000000c4200000, 0x00000000c4200000, 0x00000000c4300000|  0%| F|  |TAMS 0x00000000c4200000, 0x00000000c4200000| Untracked 
|  49|0x00000000c4300000, 0x00000000c4300000, 0x00000000c4400000|  0%| F|  |TAMS 0x00000000c4300000, 0x00000000c4300000| Untracked 
|  50|0x00000000c4400000, 0x00000000c4400000, 0x00000000c4500000|  0%| F|  |TAMS 0x00000000c4400000, 0x00000000c4400000| Untracked 
|  51|0x00000000c4500000, 0x00000000c4500000, 0x00000000c4600000|  0%| F|  |TAMS 0x00000000c4500000, 0x00000000c4500000| Untracked 
|  52|0x00000000c4600000, 0x00000000c4600000, 0x00000000c4700000|  0%| F|  |TAMS 0x00000000c4600000, 0x00000000c4600000| Untracked 
|  53|0x00000000c4700000, 0x00000000c4700000, 0x00000000c4800000|  0%| F|  |TAMS 0x00000000c4700000, 0x00000000c4700000| Untracked 
|  54|0x00000000c4800000, 0x00000000c4800000, 0x00000000c4900000|  0%| F|  |TAMS 0x00000000c4800000, 0x00000000c4800000| Untracked 
|  55|0x00000000c4900000, 0x00000000c4900000, 0x00000000c4a00000|  0%| F|  |TAMS 0x00000000c4900000, 0x00000000c4900000| Untracked 
|  56|0x00000000c4a00000, 0x00000000c4a00000, 0x00000000c4b00000|  0%| F|  |TAMS 0x00000000c4a00000, 0x00000000c4a00000| Untracked 
|  57|0x00000000c4b00000, 0x00000000c4b00000, 0x00000000c4c00000|  0%| F|  |TAMS 0x00000000c4b00000, 0x00000000c4b00000| Untracked 
|  58|0x00000000c4c00000, 0x00000000c4c00000, 0x00000000c4d00000|  0%| F|  |TAMS 0x00000000c4c00000, 0x00000000c4c00000| Untracked 
|  59|0x00000000c4d00000, 0x00000000c4d00000, 0x00000000c4e00000|  0%| F|  |TAMS 0x00000000c4d00000, 0x00000000c4d00000| Untracked 
|  60|0x00000000c4e00000, 0x00000000c4e00000, 0x00000000c4f00000|  0%| F|  |TAMS 0x00000000c4e00000, 0x00000000c4e00000| Untracked 
|  61|0x00000000c4f00000, 0x00000000c4f00000, 0x00000000c5000000|  0%| F|  |TAMS 0x00000000c4f00000, 0x00000000c4f00000| Untracked 
|  62|0x00000000c5000000, 0x00000000c50dda68, 0x00000000c5100000| 86%| E|  |TAMS 0x00000000c5000000, 0x00000000c5000000| Complete 
|  63|0x00000000c5100000, 0x00000000c5200000, 0x00000000c5200000|100%| E|CS|TAMS 0x00000000c5100000, 0x00000000c5100000| Complete 

Card table byte_map: [0x0000016c9c750000,0x0000016c9c950000] _byte_map_base: 0x0000016c9c147000

Marking Bits (Prev, Next): (CMBitMap*) 0x0000016c850835d8, (CMBitMap*) 0x0000016c85083618
 Prev Bits: [0x0000016c9cb50000, 0x0000016c9db08000)
 Next Bits: [0x0000016c9db10000, 0x0000016c9eac8000)

Polling page: 0x0000016c82e20000

Metaspace:

Usage:
  Non-class:    346.00 KB capacity,   332.17 KB ( 96%) used,    12.64 KB (  4%) free+waste,     1.19 KB ( <1%) overhead. 
      Class:    389.00 KB capacity,    25.38 KB (  7%) used,   363.25 KB ( 93%) free+waste,   384 bytes ( <1%) overhead. 
       Both:    735.00 KB capacity,   357.55 KB ( 49%) used,   375.89 KB ( 51%) free+waste,     1.56 KB ( <1%) overhead. 

Virtual space:
  Non-class space:       12.00 MB reserved,     512.00 KB (  4%) committed 
      Class space:        1.00 GB reserved,     512.00 KB ( <1%) committed 
             Both:        1.01 GB reserved,       1.00 MB ( <1%) committed 

Chunk freelists:
   Non-Class:  38.00 KB
       Class:  0 bytes
        Both:  38.00 KB

MaxMetaspaceSize: 17179869184.00 GB
CompressedClassSpaceSize: 1.00 GB

CodeHeap 'non-profiled nmethods': size=120064Kb used=45Kb max_used=45Kb free=120018Kb
 bounds [0x0000016c95010000, 0x0000016c95280000, 0x0000016c9c550000]
CodeHeap 'profiled nmethods': size=120000Kb used=183Kb max_used=183Kb free=119816Kb
 bounds [0x0000016c8dae0000, 0x0000016c8dd50000, 0x0000016c95010000]
CodeHeap 'non-nmethods': size=5696Kb used=1108Kb max_used=1108Kb free=4587Kb
 bounds [0x0000016c8d550000, 0x0000016c8d7c0000, 0x0000016c8dae0000]
 total_blobs=813 nmethods=150 adapters=250
 compilation: enabled
              stopped_count=0, restarted_count=0
 full_count=0

Compilation events (20 events):
Event: 0.145 Thread 0x0000016ca108d800  128       3       java.lang.AbstractStringBuilder::getCoder (15 bytes)
Event: 0.145 Thread 0x0000016ca108d800 nmethod 128 0x0000016c8db09c10 code [0x0000016c8db09dc0, 0x0000016c8db09f78]
Event: 0.145 Thread 0x0000016ca108d800  129       1       java.lang.Enum::ordinal (5 bytes)
Event: 0.145 Thread 0x0000016ca108d800 nmethod 129 0x0000016c95018810 code [0x0000016c950189a0, 0x0000016c95018ad8]
Event: 0.146 Thread 0x0000016ca108d800  131       1       java.lang.Class::getClassLoader0 (5 bytes)
Event: 0.146 Thread 0x0000016ca108d800 nmethod 131 0x0000016c95019310 code [0x0000016c950194a0, 0x0000016c950195d8]
Event: 0.147 Thread 0x0000016ca108d800  136       3       java.lang.String::hashCode (60 bytes)
Event: 0.147 Thread 0x0000016ca108d800 nmethod 136 0x0000016c8db0a010 code [0x0000016c8db0a1e0, 0x0000016c8db0a6d0]
Event: 0.150 Thread 0x0000016ca108d800  139       3       java.lang.StringUTF16::compress (50 bytes)
Event: 0.150 Thread 0x0000016ca108d800 nmethod 139 0x0000016c8db0a810 code [0x0000016c8db0a9c0, 0x0000016c8db0ac58]
Event: 0.151 Thread 0x0000016ca108d800  140       3       java.lang.StringBuilder::append (8 bytes)
Event: 0.151 Thread 0x0000016ca108d800 nmethod 140 0x0000016c8db0ae10 code [0x0000016c8db0afc0, 0x0000016c8db0b190]
Event: 0.151 Thread 0x0000016ca108d800  141       3       java.lang.AbstractStringBuilder::append (45 bytes)
Event: 0.152 Thread 0x0000016ca1084800  142       4       java.lang.StringLatin1::indexOf (61 bytes)
Event: 0.152 Thread 0x0000016ca108d800 nmethod 141 0x0000016c8db0b210 code [0x0000016c8db0b420, 0x0000016c8db0b9c0]
Event: 0.153 Thread 0x0000016ca108d800  144       3       java.lang.invoke.MemberName::testFlags (16 bytes)
Event: 0.153 Thread 0x0000016ca108d800 nmethod 144 0x0000016c8db0bc10 code [0x0000016c8db0bdc0, 0x0000016c8db0bf98]
Event: 0.153 Thread 0x0000016ca108d800  145       1       java.lang.invoke.MethodType::returnType (5 bytes)
Event: 0.153 Thread 0x0000016ca108d800 nmethod 145 0x0000016c9501a890 code [0x0000016c9501aa20, 0x0000016c9501ab58]
Event: 0.154 Thread 0x0000016ca108d800  148       3       java.util.concurrent.ConcurrentHashMap::get (162 bytes)

GC Heap History (0 events):
No events

Deoptimization events (6 events):
Event: 0.120 Thread 0x0000016c85051000 DEOPT PACKING pc=0x0000016c8dafd10e sp=0x00000019775fd760
Event: 0.120 Thread 0x0000016c85051000 DEOPT UNPACKING pc=0x0000016c8d59964e sp=0x00000019775fcc00 mode 0
Event: 0.146 Thread 0x0000016c85051000 Uncommon trap: trap_request=0xffffff45 fr.pc=0x0000016c95014fac relative=0x000000000000020c
Event: 0.146 Thread 0x0000016c85051000 Uncommon trap: reason=unstable_if action=reinterpret pc=0x0000016c95014fac method=java.lang.String.hashCode()I @ 13 c2
Event: 0.146 Thread 0x0000016c85051000 DEOPT PACKING pc=0x0000016c95014fac sp=0x00000019775fdb90
Event: 0.146 Thread 0x0000016c85051000 DEOPT UNPACKING pc=0x0000016c8d59912f sp=0x00000019775fdb28 mode 2

Classes unloaded (0 events):
No events

Classes redefined (0 events):
No events

Internal exceptions (2 events):
Event: 0.137 Thread 0x0000016c85051000 Exception <a 'java/io/IOException'{0x00000000c508cff0}> (0x00000000c508cff0) 
thrown [t:/workspace/open/src/hotspot/share/prims/jni.cpp, line 598]
Event: 0.146 Thread 0x0000016c85051000 Exception <a 'java/lang/ClassNotFoundException'{0x00000000c50a4750}: sun/launcher/resources/spi/launcherProvider> (0x00000000c50a4750) 
thrown [t:/workspace/open/src/hotspot/share/classfile/systemDictionary.cpp, line 232]

Events (20 events):
Event: 0.092 Executing VM operation: RevokeBias done
Event: 0.097 Loaded shared library C:\Program Files\Java\bin\net.dll
Event: 0.100 Loaded shared library C:\Program Files\Java\bin\nio.dll
Event: 0.105 Loaded shared library C:\Program Files\Java\bin\zip.dll
Event: 0.118 Executing VM operation: Deoptimize
Event: 0.119 Executing VM operation: Deoptimize done
Event: 0.136 loading class jdk/internal/loader/URLClassPath$FileLoader
Event: 0.136 loading class jdk/internal/loader/URLClassPath$FileLoader done
Event: 0.137 loading class java/security/PrivilegedActionException
Event: 0.138 loading class java/security/PrivilegedActionException done
Event: 0.139 loading class sun/launcher/LauncherHelper$ResourceBundleHolder
Event: 0.139 loading class sun/launcher/LauncherHelper$ResourceBundleHolder done
Event: 0.146 loading class sun/launcher/resources/spi/launcherProvider
Event: 0.146 loading class sun/launcher/resources/spi/launcherProvider done
Event: 0.150 loading class sun/launcher/resources/launcher
Event: 0.151 loading class sun/launcher/resources/launcher done
Event: 0.153 loading class sun/launcher/resources/launcher_en
Event: 0.153 loading class sun/launcher/resources/launcher_en done
Event: 0.153 loading class sun/launcher/resources/launcher_en
Event: 0.153 loading class sun/launcher/resources/launcher_en done


Dynamic libraries:
0x00007ff7b5950000 - 0x00007ff7b595f000 	C:\Program Files\Java\bin\javaw.exe
0x00007ffbc3400000 - 0x00007ffbc35f0000 	C:\WINDOWS\SYSTEM32\ntdll.dll
0x00007ffb9ad40000 - 0x00007ffb9ad53000 	C:\Program Files\AVAST Software\Avast\aswhook.dll
0x00007ffbc1fd0000 - 0x00007ffbc2082000 	C:\WINDOWS\System32\KERNEL32.DLL
0x00007ffbc10a0000 - 0x00007ffbc1344000 	C:\WINDOWS\System32\KERNELBASE.dll
0x00007ffbc1350000 - 0x00007ffbc144a000 	C:\WINDOWS\System32\ucrtbase.dll
0x00007ffbb8410000 - 0x00007ffbb8428000 	C:\Program Files\Java\bin\jli.dll
0x00007ffbc1ba0000 - 0x00007ffbc1c43000 	C:\WINDOWS\System32\ADVAPI32.dll
0x00007ffbc2c60000 - 0x00007ffbc2cfe000 	C:\WINDOWS\System32\msvcrt.dll
0x00007ffbc28b0000 - 0x00007ffbc2947000 	C:\WINDOWS\System32\sechost.dll
0x00007ffbc1eb0000 - 0x00007ffbc1fd0000 	C:\WINDOWS\System32\RPCRT4.dll
0x00007ffbc2960000 - 0x00007ffbc2af4000 	C:\WINDOWS\System32\USER32.dll
0x00007ffbc06a0000 - 0x00007ffbc06c1000 	C:\WINDOWS\System32\win32u.dll
0x00007ffbc1c70000 - 0x00007ffbc1c96000 	C:\WINDOWS\System32\GDI32.dll
0x00007ffbc0f00000 - 0x00007ffbc1095000 	C:\WINDOWS\System32\gdi32full.dll
0x00007ffbc0600000 - 0x00007ffbc069e000 	C:\WINDOWS\System32\msvcp_win.dll
0x00007ffbb83e0000 - 0x00007ffbb83f5000 	C:\Program Files\Java\bin\VCRUNTIME140.dll
0x00007ffb995f0000 - 0x00007ffb99874000 	C:\WINDOWS\WinSxS\amd64_microsoft.windows.common-controls_6595b64144ccf1df_6.0.18362.900_none_e6beb9d913147d17\COMCTL32.dll
0x00007ffbc2300000 - 0x00007ffbc2635000 	C:\WINDOWS\System32\combase.dll
0x00007ffbc0390000 - 0x00007ffbc0410000 	C:\WINDOWS\System32\bcryptPrimitives.dll
0x00007ffbb7860000 - 0x00007ffbb786a000 	C:\WINDOWS\SYSTEM32\VERSION.dll
0x00007ffbc1e80000 - 0x00007ffbc1eae000 	C:\WINDOWS\System32\IMM32.DLL
0x00007ffbb7f70000 - 0x00007ffbb800b000 	C:\Program Files\Java\bin\msvcp140.dll
0x00007ffb6c010000 - 0x00007ffb6cb76000 	C:\Program Files\Java\bin\server\jvm.dll
0x00007ffbc2950000 - 0x00007ffbc2958000 	C:\WINDOWS\System32\PSAPI.DLL
0x00007ffbb31c0000 - 0x00007ffbb31c9000 	C:\WINDOWS\SYSTEM32\WSOCK32.dll
0x00007ffbc27e0000 - 0x00007ffbc284f000 	C:\WINDOWS\System32\WS2_32.dll
0x00007ffbb3510000 - 0x00007ffbb3534000 	C:\WINDOWS\SYSTEM32\WINMM.dll
0x00007ffbb34e0000 - 0x00007ffbb350d000 	C:\WINDOWS\SYSTEM32\WINMMBASE.dll
0x00007ffbc0440000 - 0x00007ffbc048a000 	C:\WINDOWS\System32\cfgmgr32.dll
0x00007ffbc02d0000 - 0x00007ffbc02e1000 	C:\WINDOWS\System32\kernel.appcore.dll
0x00007ffbb6a70000 - 0x00007ffbb6a80000 	C:\Program Files\Java\bin\verify.dll
0x00007ffbbce20000 - 0x00007ffbbd014000 	C:\WINDOWS\SYSTEM32\DBGHELP.DLL
0x00007ffbb5a30000 - 0x00007ffbb5a5a000 	C:\WINDOWS\SYSTEM32\dbgcore.DLL
0x00007ffbb47f0000 - 0x00007ffbb4816000 	C:\Program Files\Java\bin\java.dll
0x00007ffbb60f0000 - 0x00007ffbb6107000 	C:\Program Files\Java\bin\zip.dll
0x00007ffbb5a60000 - 0x00007ffbb5a6a000 	C:\Program Files\Java\bin\jimage.dll
0x00007ffbc14b0000 - 0x00007ffbc1b96000 	C:\WINDOWS\System32\SHELL32.dll
0x00007ffbc2d00000 - 0x00007ffbc2da9000 	C:\WINDOWS\System32\shcore.dll
0x00007ffbc06d0000 - 0x00007ffbc0e50000 	C:\WINDOWS\System32\windows.storage.dll
0x00007ffbc0360000 - 0x00007ffbc0383000 	C:\WINDOWS\System32\profapi.dll
0x00007ffbc02f0000 - 0x00007ffbc033a000 	C:\WINDOWS\System32\powrprof.dll
0x00007ffbc02c0000 - 0x00007ffbc02d0000 	C:\WINDOWS\System32\UMPDC.dll
0x00007ffbc2640000 - 0x00007ffbc2692000 	C:\WINDOWS\System32\shlwapi.dll
0x00007ffbc0490000 - 0x00007ffbc04a7000 	C:\WINDOWS\System32\cryptsp.dll
0x00007ffbb57f0000 - 0x00007ffbb5809000 	C:\Program Files\Java\bin\net.dll
0x00007ffbbba00000 - 0x00007ffbbbaf0000 	C:\WINDOWS\SYSTEM32\WINHTTP.dll
0x00007ffbbfad0000 - 0x00007ffbbfb37000 	C:\WINDOWS\system32\mswsock.dll
0x00007ffbb54e0000 - 0x00007ffbb54f3000 	C:\Program Files\Java\bin\nio.dll

dbghelp: loaded successfully - version: 4.0.5 - missing functions: none
symbol engine: initialized successfully - sym options: 0x614 - pdb path: .;C:\Program Files\Java\bin;C:\WINDOWS\SYSTEM32;C:\Program Files\AVAST Software\Avast;C:\WINDOWS\WinSxS\amd64_microsoft.windows.common-controls_6595b64144ccf1df_6.0.18362.900_none_e6beb9d913147d17;C:\Program Files\Java\bin\server

VM Arguments:
jvm_args: -Dfile.encoding=Cp1252 
java_command: _03_IntroToStacks._02_TextUndoRedo
java_class_path (initial): C:\Users\taolp\.p2\pool\plugins\org.junit.jupiter.api_5.5.1.v20190826-0900.jar;C:\Users\taolp\.p2\pool\plugins\org.junit.jupiter.engine_5.5.1.v20190826-0900.jar;C:\Users\taolp\.p2\pool\plugins\org.junit.jupiter.migrationsupport_5.5.1.v20190826-0900.jar;C:\Users\taolp\.p2\pool\plugins\org.junit.jupiter.params_5.5.1.v20190826-0900.jar;C:\Users\taolp\.p2\pool\plugins\org.junit.platform.commons_1.5.1.v20190826-0900.jar;C:\Users\taolp\.p2\pool\plugins\org.junit.platform.engine_1.5.1.v20190826-0900.jar;C:\Users\taolp\.p2\pool\plugins\org.junit.platform.launcher_1.5.1.v20190826-0900.jar;C:\Users\taolp\.p2\pool\plugins\org.junit.platform.runner_1.5.1.v20190826-0900.jar;C:\Users\taolp\.p2\pool\plugins\org.junit.platform.suite.api_1.5.1.v20190826-0900.jar;C:\Users\taolp\.p2\pool\plugins\org.junit.vintage.engine_5.5.1.v20190826-0900.jar;C:\Users\taolp\.p2\pool\plugins\org.opentest4j_1.2.0.v20190826-0900.jar;C:\Users\taolp\.p2\pool\plugins\org.apiguardian_1.1.0.v20190826-0900.jar;C:\Users\taolp\.p2\pool\plugins\org.junit_4.12.0.v201504281640\junit.jar;C:\Users\taolp\.p2\pool\plugins\org.hamcrest.core_1.3.0.v20180420-1519.jar;C:\Users\taolp\Documents\GitHub\level3-module1-emma-l-myoosik\bin;C:\Users\taolp\Documents\GitHub\level3-module1-emma-l-myoosik\javazoom.jar
Launcher Type: SUN_STANDARD

[Global flags]
     intx CICompilerCount                          = 3                                         {product} {ergonomic}
     uint ConcGCThreads                            = 1                                         {product} {ergonomic}
     uint G1ConcRefinementThreads                  = 4                                         {product} {ergonomic}
   size_t G1HeapRegionSize                         = 1048576                                   {product} {ergonomic}
    uintx GCDrainStackTargetSize                   = 64                                        {product} {ergonomic}
   size_t InitialHeapSize                          = 67108864                                  {product} {ergonomic}
   size_t MarkStackSize                            = 4194304                                   {product} {ergonomic}
   size_t MaxHeapSize                              = 1054867456                                {product} {ergonomic}
   size_t MaxNewSize                               = 632291328                                 {product} {ergonomic}
   size_t MinHeapDeltaBytes                        = 1048576                                   {product} {ergonomic}
   size_t MinHeapSize                              = 8388608                                   {product} {ergonomic}
    uintx NonNMethodCodeHeapSize                   = 5830732                                {pd product} {ergonomic}
    uintx NonProfiledCodeHeapSize                  = 122913754                              {pd product} {ergonomic}
    uintx ProfiledCodeHeapSize                     = 122913754                              {pd product} {ergonomic}
    uintx ReservedCodeCacheSize                    = 251658240                              {pd product} {ergonomic}
     bool SegmentedCodeCache                       = true                                      {product} {ergonomic}
   size_t SoftMaxHeapSize                          = 1054867456                             {manageable} {ergonomic}
     bool UseCompressedClassPointers               = true                                 {lp64_product} {ergonomic}
     bool UseCompressedOops                        = true                                 {lp64_product} {ergonomic}
     bool UseG1GC                                  = true                                      {product} {ergonomic}
     bool UseLargePagesIndividualAllocation        = false                                  {pd product} {ergonomic}

Logging:
Log output configuration:
 #0: stdout all=warning uptime,level,tags
 #1: stderr all=off uptime,level,tags

Environment Variables:
PATH=C:/Program Files/Java/bin/server;C:/Program Files/Java/bin;C:\Program Files (x86)\Common Files\Oracle\Java\javapath;C:\WINDOWS\system32;C:\WINDOWS;C:\WINDOWS\System32\Wbem;C:\WINDOWS\System32\WindowsPowerShell\v1.0\;C:\WINDOWS\System32\OpenSSH\;C:\Users\taolp\AppData\Local\Programs\Python\Python37\Scripts\;C:\Users\taolp\AppData\Local\Programs\Python\Python37\;C:\Users\taolp\AppData\Local\Programs\Python\Launcher\;C:\Users\taolp\AppData\Local\Microsoft\WindowsApps;C:\Users\taolp\AppData\Local\atom\bin;C:\Users\taolp\AppData\Local\Microsoft\WindowsApps;C:\Users\taolp\AppData\Local\GitHubDesktop\bin;C:\WINDOWS\system32;
USERNAME=taolp
OS=Windows_NT
PROCESSOR_IDENTIFIER=Intel64 Family 6 Model 142 Stepping 9, GenuineIntel



---------------  S Y S T E M  ---------------

OS: Windows 10 , 64 bit Build 18362 (10.0.18362.900)

CPU:total 4 (initial active 4) (2 cores per cpu, 2 threads per core) family 6 model 142 stepping 9, cmov, cx8, fxsr, mmx, sse, sse2, sse3, ssse3, sse4.1, sse4.2, popcnt, avx, avx2, aes, clmul, erms, rtm, 3dnowpref, lzcnt, ht, tsc, tscinvbit, bmi1, bmi2, adx, fma

Memory: 4k page, system-wide physical 4021M (252M free)
TotalPageFile size 16309M (AvailPageFile size 13M)
current process WorkingSet (physical memory assigned to process): 29M, peak: 29M
current process commit charge ("private bytes"): 135M, peak: 135M

vm_info: Java HotSpot(TM) 64-Bit Server VM (13.0.1+9) for windows-amd64 JRE (13.0.1+9), built on Oct  6 2019 12:37:49 by "mach5one" with unknown MS VC++:1916

END.
