#
# There is insufficient memory for the Java Runtime Environment to continue.
# Native memory allocation (mmap) failed to map 67108864 bytes for Failed to commit area from 0x00000000c1200000 to 0x00000000c5200000 of length 67108864.
# Possible reasons:
#   The system is out of physical RAM or swap space
#   The process is running with CompressedOops enabled, and the Java Heap may be blocking the growth of the native heap
# Possible solutions:
#   Reduce memory load on the system
#   Increase physical memory or swap space
#   Check if swap backing store is full
#   Decrease Java heap size (-Xmx/-Xms)
#   Decrease number of Java threads
#   Decrease Java thread stack sizes (-Xss)
#   Set larger code cache with -XX:ReservedCodeCacheSize=
# This output file may be truncated or incomplete.
#
#  Out of Memory Error (t:/workspace/open/src/hotspot/os/windows/os_windows.cpp:3301), pid=17880, tid=21212
#
# JRE version:  (13.0.1+9) (build )
# Java VM: Java HotSpot(TM) 64-Bit Server VM (13.0.1+9, mixed mode, aot, sharing, tiered, compressed oops, g1 gc, windows-amd64)
# No core dump will be written. Minidumps are not enabled by default on client versions of Windows
#

---------------  S U M M A R Y ------------

Command Line: -Dfile.encoding=Cp1252 _03_IntroToStacks._02_TextUndoRedo

Host: Intel(R) Core(TM) i5-7300U CPU @ 2.60GHz, 4 cores, 3G,  Windows 10 , 64 bit Build 18362 (10.0.18362.900)
Time: Wed Jun 24 09:28:22 2020 Pacific Daylight Time elapsed time: 0 seconds (0d 0h 0m 0s)

---------------  T H R E A D  ---------------

Current thread (0x000001ea91c11000):  JavaThread "Unknown thread" [_thread_in_vm, id=21212, stack(0x000000a02ef00000,0x000000a02f000000)]

Stack: [0x000000a02ef00000,0x000000a02f000000]
Native frames: (J=compiled Java code, j=interpreted, Vv=VM code, C=native code)
V  [jvm.dll+0x626eca]
V  [jvm.dll+0x772c6a]
V  [jvm.dll+0x77441f]
V  [jvm.dll+0x774a23]
V  [jvm.dll+0x24da58]
V  [jvm.dll+0x62438a]
V  [jvm.dll+0x618f75]
V  [jvm.dll+0x30c61c]
V  [jvm.dll+0x30c452]
V  [jvm.dll+0x311bc6]
V  [jvm.dll+0x355ce6]
V  [jvm.dll+0x3554c0]
V  [jvm.dll+0x2e729a]
V  [jvm.dll+0x2e8532]
V  [jvm.dll+0x74fcd8]
V  [jvm.dll+0x363739]
V  [jvm.dll+0x732dc5]
V  [jvm.dll+0x3ce2ef]
V  [jvm.dll+0x3d0611]
C  [jli.dll+0x51ff]
C  [ucrtbase.dll+0x20e82]
C  [KERNEL32.DLL+0x17bd4]
C  [ntdll.dll+0x6ce51]


---------------  P R O C E S S  ---------------

Threads class SMR info:
_java_thread_list=0x00007ffb6cad46b8, length=0, elements={
}

Java Threads: ( => current thread )

Other Threads:
  0x000001ea91c42800 GCTaskThread "GC Thread#0" [stack: 0x000000a02f000000,0x000000a02f100000] [id=17876]
  0x000001ea91c4c800 ConcurrentGCThread "G1 Main Marker" [stack: 0x000000a02f100000,0x000000a02f200000] [id=7192]
  0x000001ea91c4e000 ConcurrentGCThread "G1 Conc#0" [stack: 0x000000a02f200000,0x000000a02f300000] [id=3300]

[error occurred during error reporting (printing all threads), id 0xc0000005, EXCEPTION_ACCESS_VIOLATION (0xc0000005) at pc=0x00007ffb6c306f67]

VM state:not at safepoint (not fully initialized)

VM Mutex/Monitor currently owned by a thread:  ([mutex/lock_event])
[0x000001ea91c0e740] Heap_lock - owner thread: 0x000001ea91c11000

Heap address: 0x00000000c1200000, size: 1006 MB, Compressed Oops mode: Non-zero based: 0x00000000c1200000
Narrow klass base: 0x0000000000000000, Narrow klass shift: 0

GC Heap History (0 events):
No events

Deoptimization events (0 events):
No events

Classes unloaded (0 events):
No events

Classes redefined (0 events):
No events

Internal exceptions (0 events):
No events

Events (8 events):
Event: 0.011 Loaded shared library C:\Program Files\Java\bin\zip.dll
Event: 0.013 Loaded shared library C:\Program Files\Java\bin\jimage.dll
Event: 0.014 Loading shared library C:\Program Files\Java\lib\libjava.base-coop.dll failed, error code 126
Event: 0.015 Loading shared library C:\Program Files\Java\lib\libjava.logging-coop.dll failed, error code 126
Event: 0.015 Loading shared library C:\Program Files\Java\lib\libjdk.compiler-coop.dll failed, error code 126
Event: 0.015 Loading shared library C:\Program Files\Java\lib\libjdk.scripting.nashorn-coop.dll failed, error code 126
Event: 0.015 Loading shared library C:\Program Files\Java\lib\libjdk.internal.vm.ci-coop.dll failed, error code 126
Event: 0.015 Loading shared library C:\Program Files\Java\lib\libjdk.internal.vm.compiler-coop.dll failed, error code 126


Dynamic libraries:
0x00007ff7b5950000 - 0x00007ff7b595f000 	C:\Program Files\Java\bin\javaw.exe
0x00007ffbc3400000 - 0x00007ffbc35f0000 	C:\WINDOWS\SYSTEM32\ntdll.dll
0x00007ffb9ad40000 - 0x00007ffb9ad53000 	C:\Program Files\AVAST Software\Avast\aswhook.dll
0x00007ffbc1fd0000 - 0x00007ffbc2082000 	C:\WINDOWS\System32\KERNEL32.DLL
0x00007ffbc10a0000 - 0x00007ffbc1344000 	C:\WINDOWS\System32\KERNELBASE.dll
0x00007ffbc1350000 - 0x00007ffbc144a000 	C:\WINDOWS\System32\ucrtbase.dll
0x00007ffbb8410000 - 0x00007ffbb8428000 	C:\Program Files\Java\bin\jli.dll
0x00007ffbc1ba0000 - 0x00007ffbc1c43000 	C:\WINDOWS\System32\ADVAPI32.dll
0x00007ffbc2c60000 - 0x00007ffbc2cfe000 	C:\WINDOWS\System32\msvcrt.dll
0x00007ffbc28b0000 - 0x00007ffbc2947000 	C:\WINDOWS\System32\sechost.dll
0x00007ffbc1eb0000 - 0x00007ffbc1fd0000 	C:\WINDOWS\System32\RPCRT4.dll
0x00007ffbc2960000 - 0x00007ffbc2af4000 	C:\WINDOWS\System32\USER32.dll
0x00007ffbc06a0000 - 0x00007ffbc06c1000 	C:\WINDOWS\System32\win32u.dll
0x00007ffbc1c70000 - 0x00007ffbc1c96000 	C:\WINDOWS\System32\GDI32.dll
0x00007ffbc0f00000 - 0x00007ffbc1095000 	C:\WINDOWS\System32\gdi32full.dll
0x00007ffbc0600000 - 0x00007ffbc069e000 	C:\WINDOWS\System32\msvcp_win.dll
0x00007ffbb83e0000 - 0x00007ffbb83f5000 	C:\Program Files\Java\bin\VCRUNTIME140.dll
0x00007ffb995f0000 - 0x00007ffb99874000 	C:\WINDOWS\WinSxS\amd64_microsoft.windows.common-controls_6595b64144ccf1df_6.0.18362.900_none_e6beb9d913147d17\COMCTL32.dll
0x00007ffbc2300000 - 0x00007ffbc2635000 	C:\WINDOWS\System32\combase.dll
0x00007ffbc0390000 - 0x00007ffbc0410000 	C:\WINDOWS\System32\bcryptPrimitives.dll
0x00007ffbb7860000 - 0x00007ffbb786a000 	C:\WINDOWS\SYSTEM32\VERSION.dll
0x00007ffbc1e80000 - 0x00007ffbc1eae000 	C:\WINDOWS\System32\IMM32.DLL
0x00007ffbb7f70000 - 0x00007ffbb800b000 	C:\Program Files\Java\bin\msvcp140.dll
0x00007ffb6c010000 - 0x00007ffb6cb76000 	C:\Program Files\Java\bin\server\jvm.dll
0x00007ffbc2950000 - 0x00007ffbc2958000 	C:\WINDOWS\System32\PSAPI.DLL
0x00007ffbb31c0000 - 0x00007ffbb31c9000 	C:\WINDOWS\SYSTEM32\WSOCK32.dll
0x00007ffbc27e0000 - 0x00007ffbc284f000 	C:\WINDOWS\System32\WS2_32.dll
0x00007ffbb3510000 - 0x00007ffbb3534000 	C:\WINDOWS\SYSTEM32\WINMM.dll
0x00007ffbb34e0000 - 0x00007ffbb350d000 	C:\WINDOWS\SYSTEM32\WINMMBASE.dll
0x00007ffbc0440000 - 0x00007ffbc048a000 	C:\WINDOWS\System32\cfgmgr32.dll
0x00007ffbc02d0000 - 0x00007ffbc02e1000 	C:\WINDOWS\System32\kernel.appcore.dll
0x00007ffbb6a70000 - 0x00007ffbb6a80000 	C:\Program Files\Java\bin\verify.dll
0x00007ffbbce20000 - 0x00007ffbbd014000 	C:\WINDOWS\SYSTEM32\DBGHELP.DLL
0x00007ffbb5a30000 - 0x00007ffbb5a5a000 	C:\WINDOWS\SYSTEM32\dbgcore.DLL
0x00007ffbb47f0000 - 0x00007ffbb4816000 	C:\Program Files\Java\bin\java.dll
0x00007ffbb60f0000 - 0x00007ffbb6107000 	C:\Program Files\Java\bin\zip.dll
0x00007ffbb5a60000 - 0x00007ffbb5a6a000 	C:\Program Files\Java\bin\jimage.dll

dbghelp: loaded successfully - version: 4.0.5 - missing functions: none
symbol engine: initialized successfully - sym options: 0x614 - pdb path: .;C:\Program Files\Java\bin;C:\WINDOWS\SYSTEM32;C:\Program Files\AVAST Software\Avast;C:\WINDOWS\WinSxS\amd64_microsoft.windows.common-controls_6595b64144ccf1df_6.0.18362.900_none_e6beb9d913147d17;C:\Program Files\Java\bin\server

VM Arguments:
jvm_args: -Dfile.encoding=Cp1252 
java_command: _03_IntroToStacks._02_TextUndoRedo
java_class_path (initial): C:\Users\taolp\.p2\pool\plugins\org.junit.jupiter.api_5.5.1.v20190826-0900.jar;C:\Users\taolp\.p2\pool\plugins\org.junit.jupiter.engine_5.5.1.v20190826-0900.jar;C:\Users\taolp\.p2\pool\plugins\org.junit.jupiter.migrationsupport_5.5.1.v20190826-0900.jar;C:\Users\taolp\.p2\pool\plugins\org.junit.jupiter.params_5.5.1.v20190826-0900.jar;C:\Users\taolp\.p2\pool\plugins\org.junit.platform.commons_1.5.1.v20190826-0900.jar;C:\Users\taolp\.p2\pool\plugins\org.junit.platform.engine_1.5.1.v20190826-0900.jar;C:\Users\taolp\.p2\pool\plugins\org.junit.platform.launcher_1.5.1.v20190826-0900.jar;C:\Users\taolp\.p2\pool\plugins\org.junit.platform.runner_1.5.1.v20190826-0900.jar;C:\Users\taolp\.p2\pool\plugins\org.junit.platform.suite.api_1.5.1.v20190826-0900.jar;C:\Users\taolp\.p2\pool\plugins\org.junit.vintage.engine_5.5.1.v20190826-0900.jar;C:\Users\taolp\.p2\pool\plugins\org.opentest4j_1.2.0.v20190826-0900.jar;C:\Users\taolp\.p2\pool\plugins\org.apiguardian_1.1.0.v20190826-0900.jar;C:\Users\taolp\.p2\pool\plugins\org.junit_4.12.0.v201504281640\junit.jar;C:\Users\taolp\.p2\pool\plugins\org.hamcrest.core_1.3.0.v20180420-1519.jar;C:\Users\taolp\Documents\GitHub\level3-module1-emma-l-myoosik\bin;C:\Users\taolp\Documents\GitHub\level3-module1-emma-l-myoosik\javazoom.jar
Launcher Type: SUN_STANDARD

[Global flags]
     intx CICompilerCount                          = 3                                         {product} {ergonomic}
     uint ConcGCThreads                            = 1                                         {product} {ergonomic}
     uint G1ConcRefinementThreads                  = 4                                         {product} {ergonomic}
   size_t G1HeapRegionSize                         = 1048576                                   {product} {ergonomic}
    uintx GCDrainStackTargetSize                   = 64                                        {product} {ergonomic}
   size_t InitialHeapSize                          = 67108864                                  {product} {ergonomic}
   size_t MarkStackSize                            = 4194304                                   {product} {ergonomic}
   size_t MaxHeapSize                              = 1054867456                                {product} {ergonomic}
   size_t MinHeapDeltaBytes                        = 1048576                                   {product} {ergonomic}
   size_t MinHeapSize                              = 8388608                                   {product} {ergonomic}
    uintx NonNMethodCodeHeapSize                   = 5830732                                {pd product} {ergonomic}
    uintx NonProfiledCodeHeapSize                  = 122913754                              {pd product} {ergonomic}
    uintx ProfiledCodeHeapSize                     = 122913754                              {pd product} {ergonomic}
    uintx ReservedCodeCacheSize                    = 251658240                              {pd product} {ergonomic}
     bool SegmentedCodeCache                       = true                                      {product} {ergonomic}
   size_t SoftMaxHeapSize                          = 1054867456                             {manageable} {ergonomic}
     bool UseCompressedClassPointers               = true                                 {lp64_product} {ergonomic}
     bool UseCompressedOops                        = true                                 {lp64_product} {ergonomic}
     bool UseG1GC                                  = true                                      {product} {ergonomic}
     bool UseLargePagesIndividualAllocation        = false                                  {pd product} {ergonomic}

Logging:
Log output configuration:
 #0: stdout all=warning uptime,level,tags
 #1: stderr all=off uptime,level,tags

Environment Variables:
PATH=C:/Program Files/Java/bin/server;C:/Program Files/Java/bin;C:\Program Files (x86)\Common Files\Oracle\Java\javapath;C:\WINDOWS\system32;C:\WINDOWS;C:\WINDOWS\System32\Wbem;C:\WINDOWS\System32\WindowsPowerShell\v1.0\;C:\WINDOWS\System32\OpenSSH\;C:\Users\taolp\AppData\Local\Programs\Python\Python37\Scripts\;C:\Users\taolp\AppData\Local\Programs\Python\Python37\;C:\Users\taolp\AppData\Local\Programs\Python\Launcher\;C:\Users\taolp\AppData\Local\Microsoft\WindowsApps;C:\Users\taolp\AppData\Local\atom\bin;C:\Users\taolp\AppData\Local\Microsoft\WindowsApps;C:\Users\taolp\AppData\Local\GitHubDesktop\bin;C:\WINDOWS\system32;
USERNAME=taolp
OS=Windows_NT
PROCESSOR_IDENTIFIER=Intel64 Family 6 Model 142 Stepping 9, GenuineIntel



---------------  S Y S T E M  ---------------

OS: Windows 10 , 64 bit Build 18362 (10.0.18362.900)

CPU:total 4 (initial active 4) (2 cores per cpu, 2 threads per core) family 6 model 142 stepping 9, cmov, cx8, fxsr, mmx, sse, sse2, sse3, ssse3, sse4.1, sse4.2, popcnt, avx, avx2, aes, clmul, erms, rtm, 3dnowpref, lzcnt, ht, tsc, tscinvbit, bmi1, bmi2, adx, fma

Memory: 4k page, system-wide physical 4021M (350M free)
TotalPageFile size 16309M (AvailPageFile size 21M)
current process WorkingSet (physical memory assigned to process): 10M, peak: 10M
current process commit charge ("private bytes"): 52M, peak: 115M

vm_info: Java HotSpot(TM) 64-Bit Server VM (13.0.1+9) for windows-amd64 JRE (13.0.1+9), built on Oct  6 2019 12:37:49 by "mach5one" with unknown MS VC++:1916

END.
